<?xml version="1.0" encoding="UTF-8"?>
<testsuite name="uptime verification" tests="11" time="37.529645" failures="0" errors="2" skipped="0" timestamp="2016-08-02T13:59:43-06:00">
  <testcase name="uptime verification Able to login" time="4.073629">
  </testcase>
  <testcase name="uptime verification Invalid login" time="0.991843">
  </testcase>
  <testcase name="uptime verification Verifies master widget loaded" time="3.331195">
  </testcase>
  <testcase name="uptime verification Accounts widget loads" time="3.780607">
  </testcase>
  <testcase name="uptime verification Transactions widget loads" time="4.015289">
  </testcase>
  <testcase name="uptime verification Spending widget loads" time="3.672666">
  </testcase>
  <testcase name="uptime verification Budgets widget loads" time="3.441589">
  </testcase>
  <testcase name="uptime verification Trends widget loads" time="3.487316">
  </testcase>
  <testcase name="uptime verification Debts widget loads" time="3.218665">
  </testcase>
  <testcase name="uptime verification Net Worth widget loads" time="4.266345">
    <error type="Capybara::ElementNotFound" message="Unable to find xpath &quot;//*[@class='icon-networth']/../..&quot;">
Unable to find xpath "//*[@class='icon-networth']/../.." (Capybara::ElementNotFound)
Capybara::ElementNotFound:
Unable to find xpath "//*[@class='icon-networth']/../.."
./test/frontend_tests/feature/firefly/raja.rb:12:in `click_widget'
./test/frontend_tests/spec/firefly/uptime_spec.rb:75:in `block (3 levels) in &lt;top (required)&gt;'
./test/frontend_tests/spec/firefly/uptime_spec.rb:74:in `block (2 levels) in &lt;top (required)&gt;'    </error>
  </testcase>
  <testcase name="uptime verification Goal widget loads" time="3.248473">
    <error type="NameError" message="uninitialized constant Widgets::Goals::WIDGET_CLfsdfsdfASS...">
uninitialized constant Widgets::Goals::WIDGET_CLfsdfsdfASS
Did you mean?  Widgets::Goals::WIDGET_CLASS (NameError)
NameError:
uninitialized constant Widgets::Goals::WIDGET_CLfsdfsdfASS
Did you mean?  Widgets::Goals::WIDGET_CLASS
./test/frontend_tests/spec/firefly/uptime_spec.rb:84:in `block (3 levels) in &lt;top (required)&gt;'
./test/frontend_tests/spec/firefly/uptime_spec.rb:82:in `block (2 levels) in &lt;top (required)&gt;'    </error>
  </testcase>
</testsuite>
